<?xml version="1.0" encoding="UTF-8"?>
<!-- Generated by org.testng.reporters.JUnitReportReporter -->
<testsuite hostname="LAPTOP-3GKDDO4O" failures="0" tests="1" name="com.bbcproject.testcases.VerifyNewsSearch" time="7.496" errors="0" timestamp="2022-03-18T19:55:28 GMT" skipped="0">
  <testcase classname="com.bbcproject.testcases.VerifyNewsSearch" name="verifyNewsSearch" time="7.496"/>
  <system-out/>
</testsuite> <!-- com.bbcproject.testcases.VerifyNewsSearch -->
